[05:03:30] [ServerMain/INFO]: Environment: authHost='https://authserver.mojang.com', accountsHost='https://api.mojang.com', sessionHost='https://sessionserver.mojang.com', servicesHost='https://api.minecraftservices.com', name='PROD'
[05:03:34] [ServerMain/INFO]: Loaded 7 recipes
[05:03:35] [Server thread/INFO]: Starting minecraft server version 1.20.1
[05:03:35] [Server thread/INFO]: Loading properties
[05:03:36] [Server thread/INFO]: This server is running Paper version git-Paper-196 (MC: 1.20.1) (Implementing API version 1.20.1-R0.1-SNAPSHOT) (Git: 773dd72)
[05:03:38] [Server thread/INFO]: Server Ping Player Sample Count: 12
[05:03:38] [Server thread/INFO]: Using 4 threads for Netty based IO
[05:03:38] [Server thread/WARN]: [!] The timings profiler has been enabled but has been scheduled for removal from Paper in the future.
    We recommend installing the spark profiler as a replacement: https://spark.lucko.me/
    For more information please visit: https://github.com/PaperMC/Paper/issues/8948
[05:03:38] [Server thread/INFO]: [ChunkTaskScheduler] Chunk system is using 1 I/O threads, 1 worker threads, and gen parallelism of 1 threads
[05:03:39] [Server thread/INFO]: Default game type: SURVIVAL
[05:03:39] [Server thread/INFO]: Generating keypair
[05:03:39] [Server thread/INFO]: Starting Minecraft server on *:25565
[05:03:39] [Server thread/INFO]: Using epoll channel type
[05:03:40] [Server thread/INFO]: Paper: Using libdeflate (Linux x86_64) compression from Velocity.
[05:03:40] [Server thread/INFO]: Paper: Using OpenSSL 1.1.x (Linux x86_64) cipher from Velocity.
[05:03:41] [Server thread/INFO]: [com.dfsek.terra.AbstractPlatform] Initializing Terra...
[05:03:41] [Server thread/INFO]: [com.dfsek.terra.AbstractPlatform] Loading config.yml
[05:03:41] [Server thread/INFO]: [com.dfsek.terra.config.PluginConfigImpl] Loading config values from config.yml
[05:03:42] [Server thread/INFO]: [com.dfsek.terra.AbstractPlatform] Loading 35 Terra addons:
        - biome-provider-extrusion@1.0.0-BETA+73baaec6c
        - biome-provider-image@1.0.0-BETA+73baaec6c
        - biome-provider-image-v2@1.0.0-BETA+73baaec6c
        - biome-provider-pipeline@1.0.1-BETA+73baaec6c
        - biome-provider-pipeline-v2@1.0.0-BETA+73baaec6c
        - biome-provider-single@1.0.0-BETA+73baaec6c
        - biome-query-api@1.0.0-BETA+73baaec6c
        - chunk-generator-noise-3d@1.1.0-BETA+73baaec6c
        - command-addons@1.0.0-BETA+73baaec6c
        - command-packs@1.0.0-BETA+73baaec6c
        - command-profiler@1.0.0-BETA+73baaec6c
        - command-structures@1.0.0-BETA+73baaec6c
        - config-biome@1.0.0-BETA+73baaec6c
        - config-distributors@1.0.0-BETA+73baaec6c
        - config-feature@1.0.0-BETA+73baaec6c
        - config-flora@1.0.0-BETA+73baaec6c
        - config-locators@1.1.0-BETA+73baaec6c
        - config-noise-function@1.0.0-BETA+73baaec6c
        - config-ore@1.0.0-BETA+73baaec6c
        - config-palette@1.0.0-BETA+73baaec6c
        - config-structure@1.0.0-BETA+73baaec6c
        - generation-stage-feature@1.1.0-BETA+73baaec6c
        - generation-stage-structure@1.0.0-BETA+73baaec6c
        - language-yaml@1.0.0-BETA+73baaec6c
        - library-image@1.0.0-BETA+73baaec6c
        - palette-block-shortcut@1.0.0-BETA+73baaec6c
        - pipeline-image@1.0.0-BETA+73baaec6c
        - structure-block-shortcut@1.0.0-BETA+73baaec6c
        - structure-function-check-noise-3d@1.0.0-BETA+73baaec6c
        - structure-mutator@0.1.0-BETA+73baaec6c
        - structure-sponge-loader@1.0.0-BETA+73baaec6c
        - structure-terrascript-loader@1.1.0-BETA+73baaec6c
        - terra@1.0.0
        - terra-bukkit@1.0.0
        - terrascript-function-sampler@1.0.0-BETA+73baaec6c
[05:03:42] [Server thread/WARN]: [com.dfsek.terra.addons.biome.pipeline.BiomePipelineAddon] The biome-provider-pipeline addon is deprecated and scheduled for removal in Terra 7.0. It is recommended to use the biome-provider-pipeline-v2 addon for future pack development instead.
[05:03:42] [Server thread/WARN]: [com.dfsek.terra.addons.biome.image.ImageBiomeProviderAddon] The biome-provider-image addon is deprecated and scheduled for removal in Terra 7.0. It is recommended to use the biome-provider-image-v2 addon for future pack development instead.
[05:03:42] [Server thread/INFO]: [com.dfsek.terra.AbstractPlatform] Terra addons successfully loaded.
[05:03:42] [Server thread/INFO]: [com.dfsek.terra.AbstractPlatform] Finished initialization.
[05:03:42] [Server thread/INFO]: [Minepacks] PCGF-PluginLib not installed. Switching to standalone mode!
[05:03:42] [Server thread/INFO]: [FastChunkPregenerator] Loading server plugin FastChunkPregenerator v2.0.9-SNAPSHOT
[05:03:42] [Server thread/INFO]: [Terra] Loading server plugin Terra v6.3.1-BETA+73baaec6c
[05:03:42] [Server thread/INFO]: [Minepacks] Loading server plugin Minepacks v2.4.31.4-T20240629215752
[05:03:42] [Server thread/INFO]: Server permissions file permissions.yml is empty, ignoring it
[05:03:42] [Server thread/INFO]: [Terra] Enabling Terra v6.3.1-BETA+73baaec6c
[05:03:42] [Server thread/INFO]: [com.dfsek.terra.bukkit.TerraBukkitPlugin] Running on Minecraft version v1.20.1 with server implementation Paper.
[05:03:42] [Server thread/INFO]: [com.dfsek.terra.AbstractPlatform] Loading config packs...
[05:03:42] [Server thread/INFO]: [com.dfsek.terra.registry.master.ConfigRegistry] Loading ZIP archive: default.zip
[05:03:44] [Server thread/INFO]: [com.dfsek.terra.config.pack.ConfigPackImpl] Loading config pack "OVERWORLD:OVERWORLD"
[05:03:48] [Server thread/INFO]: [com.dfsek.terra.config.pack.ConfigPackImpl] Loaded config pack "OVERWORLD:OVERWORLD" v1.3.3 by Astrash, Sancires, Aureus in 5790.912398ms.
[05:03:48] [Server thread/INFO]: [com.dfsek.terra.AbstractPlatform] Loaded packs.
[05:03:49] [Server thread/INFO]: [com.dfsek.terra.bukkit.nms.v1_20_R1.AwfulBukkitHacks] Hacking biome registry...
[05:03:49] [Server thread/INFO]: [com.dfsek.terra.bukkit.nms.v1_20_R1.AwfulBukkitHacks] Doing tag garbage....
[05:03:49] [Server thread/WARN]: **** SERVER IS RUNNING IN OFFLINE/INSECURE MODE!
[05:03:49] [Server thread/WARN]: The server will make no attempt to authenticate usernames. Beware.
[05:03:49] [Server thread/WARN]: While this makes the game possible to play without internet access, it also opens up the ability for hackers to connect with any username they choose.
[05:03:49] [Server thread/WARN]: To change this, set "online-mode" to "true" in the server.properties file.
[05:03:49] [Server thread/INFO]: Preparing level "world"
[05:03:50] [Server thread/INFO]: [com.dfsek.terra.bukkit.nms.v1_20_R1.NMSInjectListener] Preparing to take over the world: world
[05:03:50] [Server thread/INFO]: [com.dfsek.terra.bukkit.nms.v1_20_R1.NMSInjectListener] Successfully injected into world.
[05:03:50] [Server thread/INFO]: Preparing start region for dimension minecraft:overworld
[05:03:51] [Server thread/INFO]: Time elapsed: 800 ms
[05:03:51] [Server thread/INFO]: Preparing start region for dimension minecraft:the_nether
[05:03:51] [Server thread/INFO]: Time elapsed: 232 ms
[05:03:51] [Server thread/INFO]: Preparing start region for dimension minecraft:the_end
[05:03:52] [Server thread/INFO]: Time elapsed: 147 ms
[05:03:52] [Server thread/INFO]: [FastChunkPregenerator] Enabling FastChunkPregenerator v2.0.9-SNAPSHOT
[05:03:52] [Server thread/INFO]: [FastChunkPregenerator] >> Paper was found.
[05:03:52] [Server thread/INFO]: [FastChunkPregenerator] >> Async chunk loading support is enabled.
[05:03:52] [Server thread/INFO]: [Minepacks] Enabling Minepacks v2.4.31.4-T20240629215752
[05:03:52] [Server thread/INFO]: [Minepacks] Starting Minepacks in standalone mode!
[05:03:53] [Server thread/INFO]: [Minepacks] Config file successfully loaded.
[05:03:53] [Server thread/INFO]: [Minepacks] Language file successfully loaded. Language: english  Author: GeorgH93
[05:03:53] [Server thread/INFO]: [at.pcgamingfreaks.MinepacksStandalone.libs.com.zaxxer.hikari.HikariDataSource] Minepacks-Connection-Pool - Starting...
[05:03:54] [Server thread/INFO]: [at.pcgamingfreaks.MinepacksStandalone.libs.com.zaxxer.hikari.HikariDataSource] Minepacks-Connection-Pool - Start completed.
[05:03:56] [Server thread/INFO]: [Minepacks] Item name language file successfully loaded. Language: english  Author: GeorgH93
[05:03:56] [Server thread/INFO]: [Minepacks] Loading item translations ...
[05:03:56] [Server thread/INFO]: [Minepacks] Finished loading item translations for 828 items.
[05:03:56] [Server thread/INFO]: [Minepacks]  Minepacks has been enabled!  :) 
[05:03:56] [Server thread/INFO]: Running delayed init tasks
[05:03:56] [Server thread/INFO]: Done (20.992s)! For help, type "help"
[05:03:56] [Server thread/INFO]: Timings Reset
[05:08:57] [User Authenticator #0/INFO]: UUID of player tulagrandea is 3ec36fb6-9738-3522-8762-b4d784603c31
[05:08:57] [Server thread/INFO]: tulagrandea joined the game
[05:08:57] [Server thread/INFO]: tulagrandea[/127.163.255.166:60815] logged in with entity id 85 at ([world]7.5, 64.0, 6.5)
[05:10:41] [Server thread/INFO]: tulagrandea has made the advancement [Stone Age]
[05:10:48] [Server thread/INFO]: tulagrandea has made the advancement [Getting an Upgrade]
[05:11:45] [Server thread/INFO]: tulagrandea has made the advancement [Monster Hunter]
[05:11:51] [User Authenticator #1/INFO]: UUID of player G4MM4___ is d928339c-a47f-3789-9e04-17119003d19d
[05:11:51] [Server thread/INFO]: G4MM4___ joined the game
[05:11:51] [Server thread/INFO]: G4MM4___[/127.75.213.56:48803] logged in with entity id 659 at ([world]5.5, 63.0, 14.5)
[05:11:54] [Async Chat Thread - #1/INFO]: [Not Secure] <tulagrandea> oh no
[05:11:57] [Async Chat Thread - #0/INFO]: [Not Secure] <G4MM4___> hola :v
[05:12:41] [Async Chat Thread - #0/INFO]: [Not Secure] <tulagrandea> quien eres
[05:12:44] [Server thread/INFO]: tulagrandea has made the advancement [Acquire Hardware]
[05:12:45] [Async Chat Thread - #1/INFO]: [Not Secure] <G4MM4___> tu padre
[05:12:49] [Async Chat Thread - #0/INFO]: [Not Secure] <tulagrandea> XD
[05:12:51] [Async Chat Thread - #0/INFO]: [Not Secure] <tulagrandea> angel
[05:12:52] [Async Chat Thread - #1/INFO]: [Not Secure] <tulagrandea> :v
[05:12:58] [Async Chat Thread - #0/INFO]: [Not Secure] <G4MM4___> :V
[05:13:11] [Async Chat Thread - #1/INFO]: [Not Secure] <tulagrandea> tiene mods?
[05:13:15] [Async Chat Thread - #1/INFO]: [Not Secure] <G4MM4___> nowe
[05:13:33] [Server thread/INFO]: G4MM4___ has made the advancement [Monster Hunter]
[05:13:46] [Server thread/INFO]: tulagrandea fell from a high place
[05:13:49] [Async Chat Thread - #0/INFO]: [Not Secure] <G4MM4___> XD
[05:13:55] [Async Chat Thread - #1/INFO]: [Not Secure] <tulagrandea> tmre
[05:14:01] [Async Chat Thread - #0/INFO]: [Not Secure] <tulagrandea> y josep
[05:14:09] [Async Chat Thread - #1/INFO]: [Not Secure] <G4MM4___> en su cas
[05:14:12] [Async Chat Thread - #0/INFO]: [Not Secure] <G4MM4___> hay q hacer lladma we
[05:14:15] [Server thread/INFO]: G4MM4___ has made the advancement [Stone Age]
[05:14:16] [Async Chat Thread - #0/INFO]: [Not Secure] <tulagrandea> ya pe
[05:14:20] [Async Chat Thread - #1/INFO]: [Not Secure] <G4MM4___> tienes discodr
[05:14:23] [Async Chat Thread - #0/INFO]: [Not Secure] <tulagrandea> chi
[05:14:25] [Server thread/INFO]: G4MM4___ has made the advancement [Getting an Upgrade]
[05:14:28] [Async Chat Thread - #1/INFO]: [Not Secure] <G4MM4___> pasme al wsp
[05:15:10] [Async Chat Thread - #0/INFO]: [Not Secure] <tulagrandea> ya
[05:15:21] [Async Chat Thread - #1/INFO]: [Not Secure] <G4MM4___> apura
[05:15:42] [Async Chat Thread - #0/INFO]: [Not Secure] <tulagrandea> oki
[05:16:48] [Async Chat Thread - #2/INFO]: [Not Secure] <G4MM4___> p
[05:16:51] [Async Chat Thread - #2/INFO]: [Not Secure] <tulagrandea> como gran putas te paso mi discord
[05:16:59] [Async Chat Thread - #3/INFO]: [Not Secure] <G4MM4___> XD
[05:17:05] [Async Chat Thread - #2/INFO]: [Not Secure] <G4MM4___> sabes agregar amigos al menos?
[05:17:11] [Async Chat Thread - #2/INFO]: [Not Secure] <tulagrandea> si eso sio
[05:17:15] [Async Chat Thread - #2/INFO]: [Not Secure] <G4MM4___> agregame
[05:17:17] [Async Chat Thread - #3/INFO]: [Not Secure] <G4MM4___> te paso al wsp
[05:17:21] [Async Chat Thread - #2/INFO]: [Not Secure] <tulagrandea> ok
[05:18:18] [Async Chat Thread - #3/INFO]: [Not Secure] <tulagrandea> ya
[05:18:29] [Async Chat Thread - #2/INFO]: [Not Secure] <G4MM4___> como te llamsa
[05:18:35] [Async Chat Thread - #2/INFO]: [Not Secure] <tulagrandea> skyar
[05:19:04] [Async Chat Thread - #2/INFO]: [Not Secure] <tulagrandea> dios
[05:19:05] [Async Chat Thread - #3/INFO]: [Not Secure] <tulagrandea> lagaso
[05:19:47] [Async Chat Thread - #2/INFO]: [Not Secure] <tulagrandea> XDDD
[05:19:50] [Async Chat Thread - #3/INFO]: [Not Secure] <G4MM4___> :V
[05:20:58] [Server thread/INFO]: Unknown command. Type "/help" for help.
[05:21:51] [Server thread/INFO]: The difficulty has been set to Hard
[05:23:12] [User Authenticator #2/INFO]: UUID of player _JoSeP_05 is 84ef5069-ace0-3a20-a670-51a3cb94662c
[05:23:12] [Server thread/INFO]: _JoSeP_05 joined the game
[05:23:12] [Server thread/INFO]: _JoSeP_05[/127.136.76.143:33937] logged in with entity id 2759 at ([world]7.5, 64.0, 7.5)
[05:23:20] [Async Chat Thread - #4/INFO]: [Not Secure] <G4MM4___> josep
[05:23:22] [Async Chat Thread - #4/INFO]: [Not Secure] <G4MM4___> unete a la llamdda
[05:23:23] [Async Chat Thread - #5/INFO]: [Not Secure] <tulagrandea> unete
[05:23:26] [Async Chat Thread - #4/INFO]: [Not Secure] <_JoSeP_05> donde estan zorras
[05:23:34] [Async Chat Thread - #4/INFO]: [Not Secure] <_JoSeP_05> cual llamada?
[05:23:37] [Async Chat Thread - #4/INFO]: [Not Secure] <G4MM4___> en discord
[05:23:39] [Async Chat Thread - #5/INFO]: [Not Secure] <G4MM4___> pasame tu ds
[05:23:45] [Async Chat Thread - #5/INFO]: [Not Secure] <_JoSeP_05> :v
[05:23:59] [Async Chat Thread - #4/INFO]: [Not Secure] <_JoSeP_05> perense ya vengo ._ .
[05:24:02] [Server thread/INFO]: _JoSeP_05 lost connection: Disconnected
[05:24:02] [Server thread/INFO]: _JoSeP_05 left the game
[05:27:49] [Server thread/INFO]: tulagrandea has made the advancement [Isn't It Iron Pick]
[05:38:01] [Server thread/INFO]: G4MM4___ has made the advancement [Acquire Hardware]
[05:39:04] [Server thread/INFO]: G4MM4___ has made the advancement [Isn't It Iron Pick]
[05:39:07] [Server thread/INFO]: tulagrandea has made the advancement [Suit Up]
[05:39:43] [Server thread/INFO]: G4MM4___ has made the advancement [Suit Up]
[05:45:46] [Server thread/INFO]: Villager EntityVillager['Nitwit'/7788, uuid='2bc0b787-8cf7-4301-b438-6cbb7b3c024a', l='ServerLevel[world]', x=-377.70, y=69.00, z=-806.70, cpos=[-24, -51], tl=10819, v=true] died, message: 'Nitwit was slain by tulagrandea'
[05:47:52] [Server thread/INFO]: G4MM4___ issued server command: /near
[05:50:44] [Server thread/INFO]: tulagrandea has made the advancement [Not Today, Thank You]
[06:01:51] [Server thread/INFO]: G4MM4___ has made the advancement [Not Today, Thank You]
[06:03:37] [Server thread/INFO]: tulagrandea has made the advancement [Ice Bucket Challenge]
[06:08:25] [Server thread/INFO]: G4MM4___ has made the advancement [Diamonds!]
[06:09:40] [Server thread/INFO]: tulagrandea has made the advancement [Diamonds!]
[06:11:32] [Server thread/INFO]: G4MM4___ has made the advancement [Sweet Dreams]
[06:11:34] [Server thread/INFO]: tulagrandea has made the advancement [Sweet Dreams]
[06:11:42] [Server thread/INFO]: G4MM4___ lost connection: Disconnected
[06:11:42] [Server thread/INFO]: G4MM4___ left the game
[06:11:44] [Server thread/INFO]: tulagrandea lost connection: Disconnected
[06:11:44] [Server thread/INFO]: tulagrandea left the game
[06:11:54] [Server thread/INFO]: Stopping the server
[06:11:54] [Server thread/INFO]: Stopping server
[06:11:54] [Server thread/INFO]: [Minepacks] Disabling Minepacks v2.4.31.4-T20240629215752
[06:11:55] [Server thread/INFO]: [at.pcgamingfreaks.MinepacksStandalone.libs.com.zaxxer.hikari.HikariDataSource] Minepacks-Connection-Pool - Shutdown initiated...
[06:11:55] [Server thread/INFO]: [at.pcgamingfreaks.MinepacksStandalone.libs.com.zaxxer.hikari.HikariDataSource] Minepacks-Connection-Pool - Shutdown completed.
[06:11:55] [Server thread/INFO]: [Minepacks]  Minepacks has been disabled.  :( 
[06:11:55] [Server thread/INFO]: [Terra] Disabling Terra v6.3.1-BETA+73baaec6c
[06:11:55] [Server thread/INFO]: [FastChunkPregenerator] Disabling FastChunkPregenerator v2.0.9-SNAPSHOT
[06:11:55] [Server thread/INFO]: Saving players
[06:11:55] [Server thread/INFO]: Saving worlds
[06:11:55] [Server thread/INFO]: Saving chunks for level 'ServerLevel[world]'/minecraft:overworld
[06:11:55] [Server thread/INFO]: [ChunkHolderManager] Waiting 60s for chunk system to halt for world 'world'
[06:11:55] [Server thread/INFO]: [ChunkHolderManager] Halted chunk system for world 'world'
[06:11:55] [Server thread/INFO]: [ChunkHolderManager] Saving all chunkholders for world 'world'
[06:11:55] [Server thread/INFO]: [ChunkHolderManager] Saved 251 block chunks, 177 entity chunks, 0 poi chunks in world 'world' in 0.28s
[06:11:55] [Server thread/INFO]: ThreadedAnvilChunkStorage (world): All chunks are saved
[06:11:55] [Server thread/INFO]: Saving chunks for level 'ServerLevel[world_nether]'/minecraft:the_nether
[06:11:55] [Server thread/INFO]: [ChunkHolderManager] Waiting 60s for chunk system to halt for world 'world_nether'
[06:11:55] [Server thread/INFO]: [ChunkHolderManager] Halted chunk system for world 'world_nether'
[06:11:55] [Server thread/INFO]: [ChunkHolderManager] Saving all chunkholders for world 'world_nether'
[06:11:55] [Server thread/INFO]: [ChunkHolderManager] Saved 0 block chunks, 12 entity chunks, 0 poi chunks in world 'world_nether' in 0.01s
[06:11:55] [Server thread/INFO]: ThreadedAnvilChunkStorage (DIM-1): All chunks are saved
[06:11:55] [Server thread/INFO]: Saving chunks for level 'ServerLevel[world_the_end]'/minecraft:the_end
[06:11:55] [Server thread/INFO]: [ChunkHolderManager] Waiting 60s for chunk system to halt for world 'world_the_end'
[06:11:55] [Server thread/INFO]: [ChunkHolderManager] Halted chunk system for world 'world_the_end'
[06:11:55] [Server thread/INFO]: [ChunkHolderManager] Saving all chunkholders for world 'world_the_end'
[06:11:55] [Server thread/INFO]: [ChunkHolderManager] Saved 10 block chunks, 10 entity chunks, 0 poi chunks in world 'world_the_end' in 0.01s
[06:11:55] [Server thread/INFO]: ThreadedAnvilChunkStorage (DIM1): All chunks are saved
[06:11:55] [Server thread/INFO]: ThreadedAnvilChunkStorage: All dimensions are saved
[06:11:55] [Server thread/INFO]: Flushing Chunk IO
[06:11:55] [Server thread/INFO]: Closing Thread Pool
[06:11:55] [Server thread/INFO]: Closing Server
